C51 COMPILER V9.59.0.0   MAIN                                                              08/16/2021 09:19:14 PAGE 1   


C51 COMPILER V9.59.0.0, COMPILATION OF MODULE MAIN
OBJECT MODULE PLACED IN .\Objects\main.obj
COMPILER INVOKED BY: D:\Keil5\C51\BIN\C51.EXE main.c OPTIMIZE(8,SPEED) BROWSE DEBUG OBJECTEXTEND PRINT(.\Listings\main.l
                    -st) TABS(2) OBJECT(.\Objects\main.obj)

line level    source

   1          #include <reg52.h>
   2          sbit ADDR0 = P1^0;
   3          sbit ADDR1 = P1^1;
   4          sbit ADDR2 = P1^2;
   5          sbit ADDR3 = P1^3;
   6          sbit ENLED = P1^4;
   7          void pointer(unsigned char *p);
   8          void main()
   9          {
  10   1        unsigned char buffer = 0x01;
  11   1        unsigned int i;
  12   1        ADDR3 = 1;
  13   1        ENLED = 0;
  14   1        ADDR3 = 1;
  15   1        ADDR2 = 1;
  16   1        ADDR0 = 0;
  17   1        while(1)
  18   1        {
  19   2          P0 = ~buffer;
  20   2          for(i=0;i<30000;i++);
  21   2          pointer(&buffer);
  22   2        }
  23   1      }
  24          void pointer(unsigned char *p)
  25          {
  26   1        *p = *p << 1;
  27   1        if(*p == 0x00)
  28   1        {
  29   2          *p = 0x01;
  30   2        }
  31   1      }


MODULE INFORMATION:   STATIC OVERLAYABLE
   CODE SIZE        =     73    ----
   CONSTANT SIZE    =   ----    ----
   XDATA SIZE       =   ----    ----
   PDATA SIZE       =   ----    ----
   DATA SIZE        =   ----       4
   IDATA SIZE       =   ----    ----
   BIT SIZE         =   ----    ----
END OF MODULE INFORMATION.


C51 COMPILATION COMPLETE.  0 WARNING(S),  0 ERROR(S)
