C51 COMPILER V9.59.0.0   DS1302                                                            12/29/2021 20:16:09 PAGE 1   


C51 COMPILER V9.59.0.0, COMPILATION OF MODULE DS1302
OBJECT MODULE PLACED IN .\Objects\DS1302.obj
COMPILER INVOKED BY: D:\Keil5\C51\BIN\C51.EXE DS1302.c OPTIMIZE(8,SPEED) BROWSE DEBUG OBJECTEXTEND PRINT(.\Listings\DS13
                    -02.lst) TABS(2) OBJECT(.\Objects\DS1302.obj)

line level    source

   1          /**************************
   2                DS1302通信程序
   3          **************************/
   4          #include <reg52.h>
   5          #include "main.h"
   6          
   7          unsigned char DS1302singleread(unsigned char adr);
   8          void DS1302singlewrite(unsigned char adr,unsigned char date);
   9          void DS1302burstwrite(unsigned char *date);
  10          void DS1302burstread(unsigned char *date);
  11          void DS1302bytewrite(unsigned char date);
  12          unsigned char DS1302byteread();
  13          
  14          unsigned char code timeinit[] = {   //2021年12月03日08时10分00秒，星期二
  15            0X00,0X44,0X09,0X03,0X12,0X05,0X21
  16          };
  17          /**********DS1302初始化**********/
  18          void DS1302init()
  19          {
  20   1        unsigned char date;
  21   1        SCE = 0;  //使能引脚默认低电平
  22   1        SCK = 0;  //时钟引脚默认低电平
  23   1        date = DS1302singleread(0x81);  //读秒寄存器
  24   1        if((date & 0x80) != 0)          //若秒寄存器最高位为1，则时钟停止工作
  25   1        {                             
  26   2          DS1302singlewrite(0X8E,0X00); //去除写保护位
  27   2          DS1302burstwrite(timeinit);   //burst模式写时间
  28   2        }
  29   1      }
  30          /**********DS1302读操作**********/
  31          unsigned char DS1302singleread(unsigned char adr)
  32          {
  33   1        unsigned char date;
  34   1        SCE = 1;                //使能片选信号
  35   1        DS1302bytewrite(adr);   //单字节写入要读取数据的地址
  36   1        date = DS1302byteread();//单字节读
  37   1        SCE = 0;                //除能片选信号
  38   1        return date;
  39   1      }
  40          /**********DS1302写操作**********/
  41          void DS1302singlewrite(unsigned char adr,unsigned char date)
  42          {
  43   1        SCE = 1;              //使能片选信号
  44   1        DS1302bytewrite(adr); //单字节写入要写入数据的地址
  45   1        DS1302bytewrite(date);//单字节写入数据
  46   1        SCE = 0;              //除能片选信号
  47   1      }
  48          /**********DS1302burst写操作**********/
  49          void DS1302burstwrite(unsigned char *date)
  50          {
  51   1        unsigned char i;
  52   1        SCE = 1;              //使能片选信号
  53   1        DS1302bytewrite(0XBE);//设置为burst模式
  54   1        for(i=0;i<8;i++)
C51 COMPILER V9.59.0.0   DS1302                                                            12/29/2021 20:16:09 PAGE 2   

  55   1        {
  56   2          DS1302bytewrite(date[i]);//一次性写入八组寄存器数据
  57   2        }
  58   1        SCE = 0;              //除能片选信号
  59   1      }
  60          /**********DS1302burst读操作**********/
  61          void DS1302burstread(unsigned char *date)
  62          {
  63   1        unsigned char i;
  64   1        SCE = 1;              //使能片选信号
  65   1        DS1302bytewrite(0XBF);//设置为burst模式
  66   1        for(i=0;i<8;i++)
  67   1        {
  68   2          date[i] = DS1302byteread();//一次性读取八组寄存器数据
  69   2        }
  70   1        SCE = 0;              //除能片选信号
  71   1      }
  72          /**********DS1302单字节写操作**********/
  73          void DS1302bytewrite(unsigned char date)
  74          {
  75   1        unsigned char i;
  76   1        for(i=0X01; i!=0; i=i<<1)
  77   1        {
  78   2          if((i&date) != 0)
  79   2          {
  80   3            SIO = 1;
  81   3          }
  82   2          else
  83   2          {
  84   3            SIO = 0;
  85   3          }
  86   2          SCK = 1;
  87   2          SCK = 0;
  88   2        }
  89   1        SIO = 1;
  90   1      }
  91          /**********DS1302单字节读操作**********/
  92          unsigned char DS1302byteread()
  93          {
  94   1        unsigned char i;
  95   1        unsigned char date = 0;
  96   1        for(i=0X01;i!=0;i=i<<1)
  97   1        {
  98   2          if(SIO != 0)
  99   2          {
 100   3            date = date | i;
 101   3          }
 102   2          SCK = 1;
 103   2          SCK = 0;
 104   2        }
 105   1        return date;
 106   1      }


MODULE INFORMATION:   STATIC OVERLAYABLE
   CODE SIZE        =    213    ----
   CONSTANT SIZE    =      7    ----
   XDATA SIZE       =   ----    ----
   PDATA SIZE       =   ----    ----
   DATA SIZE        =   ----       9
   IDATA SIZE       =   ----    ----
   BIT SIZE         =   ----    ----
C51 COMPILER V9.59.0.0   DS1302                                                            12/29/2021 20:16:09 PAGE 3   

END OF MODULE INFORMATION.


C51 COMPILATION COMPLETE.  0 WARNING(S),  0 ERROR(S)
