C51 COMPILER V9.59.0.0   EEPROM                                                            12/29/2021 20:16:09 PAGE 1   


C51 COMPILER V9.59.0.0, COMPILATION OF MODULE EEPROM
OBJECT MODULE PLACED IN .\Objects\EEPROM.obj
COMPILER INVOKED BY: D:\Keil5\C51\BIN\C51.EXE EEPROM.c OPTIMIZE(8,SPEED) BROWSE DEBUG OBJECTEXTEND PRINT(.\Listings\EEPR
                    -OM.lst) TABS(2) OBJECT(.\Objects\EEPROM.obj)

line level    source

   1          /**************************
   2            EEPROM读写及初始化程序
   3          **************************/
   4          #include <reg52.h>
   5          #include <intrins.h>
   6          #include "I2C.h"
   7          #include "main.h" 
   8          
   9          /*读取EEPROM中一个字节，address为地址*/
  10          unsigned char EEPROMreadbyte(unsigned char address)
  11          {
  12   1        unsigned char dat;
  13   1        I2Cstart();
  14   1        I2Cwrite(0X50<<1);
  15   1        I2Cwrite(address);
  16   1        I2Cstart();
  17   1        I2Cwrite((0X50<<1) | 0X01);
  18   1        dat = I2CreadNACK();
  19   1        I2Cstop();
  20   1        return dat;
  21   1      }
  22          /*写入EEPROM中一个字节，address为地址，dat为一字节数据*/
  23          void EEPROMwritebyte(unsigned char address,unsigned char dat)
  24          {
  25   1        I2Cstart();
  26   1        I2Cwrite(0X50<<1);
  27   1        I2Cwrite(address);
  28   1        I2Cwrite(dat);
  29   1        I2Cstop();
  30   1      }
  31          /**********EEPROM初始化**********/
  32          void EEPROMinit()
  33          {
  34   1         ELEFEE = EEPROMreadbyte(0X04);   //读取电费
  35   1         if(ELEFEE > 999 || ELEFEE == 0) //若读取电费 >= 9.99，则默认设置为 0.58
  36   1         {
  37   2           ELEFEE = 52;
  38   2         }
  39   1         
  40   1         ELECON = EEPROMreadbyte(0X06);   //读取用电量高八位 
  41   1         ELECON = ELECON << 8 | EEPROMreadbyte(0X07); //读取用电量低八位 
  42   1         if(ELECON >= 5000)
  43   1         {
  44   2           ELECON = 0;
  45   2         }
  46   1      }
  47          /**********EEPROM写入用电量**********/
  48          void ELECONaccident()
  49          {
  50   1        EEPROMwritebyte(0X06,ELECON >> 8);
  51   1        EEPROMwritebyte(0X07,ELECON & 0X0F);
  52   1      }


C51 COMPILER V9.59.0.0   EEPROM                                                            12/29/2021 20:16:09 PAGE 2   

MODULE INFORMATION:   STATIC OVERLAYABLE
   CODE SIZE        =    149    ----
   CONSTANT SIZE    =   ----    ----
   XDATA SIZE       =   ----    ----
   PDATA SIZE       =   ----    ----
   DATA SIZE        =   ----       4
   IDATA SIZE       =   ----    ----
   BIT SIZE         =   ----    ----
END OF MODULE INFORMATION.


C51 COMPILATION COMPLETE.  0 WARNING(S),  0 ERROR(S)
