C51 COMPILER V9.59.0.0   KEY                                                               12/29/2021 20:16:09 PAGE 1   


C51 COMPILER V9.59.0.0, COMPILATION OF MODULE KEY
OBJECT MODULE PLACED IN .\Objects\key.obj
COMPILER INVOKED BY: D:\Keil5\C51\BIN\C51.EXE key.c OPTIMIZE(8,SPEED) BROWSE DEBUG OBJECTEXTEND PRINT(.\Listings\key.lst
                    -) TABS(2) OBJECT(.\Objects\key.obj)

line level    source

   1          /**************************
   2           按键扫描、动作、消抖程序
   3          **************************/
   4          #include <reg52.h>
   5          #include "main.h"
   6          #include "LCD1602.h"
   7          
   8          bit bit_start = 0; //电度表起动状态数码管显示标志位
   9          bit bit_time = 0;  //电度表时间状态数码管显示标志位
  10          bit bit_end = 0;   //电度表结费状态数码管显示标志位
  11          bit bit_change = 0;//电度表修改状态数码管显示标志位
  12          bit bit_extra = 1; 
  13          unsigned char keyfinally[4] = {  //按键消抖后终值(1为弹起，0为按下)
  14            1,1,1,1
  15          };
  16          unsigned char keyback[4] = {     //按键消抖后上时刻值(1为弹起，0为按下)
  17            1,1,1,1
  18          };
  19          
  20          void keyaction(unsigned char i);
  21          
  22          /**********按键扫描函数**********/
  23          void keyscan()
  24          {
  25   1        static unsigned char i = 0;
  26   1        if(keyfinally[i] != keyback[i])
  27   1        {
  28   2          if(keyback[i] == 0)
  29   2          {
  30   3            keyaction(i);
  31   3          }
  32   2          keyback[i] = keyfinally[i];
  33   2        }
  34   1        i++;
  35   1        if(i == 4)  //循环扫描四个按键
  36   1        {
  37   2          i = 0;
  38   2        }
  39   1      }
  40          /**********按键动作函数**********/
  41          void keyaction(unsigned char i)
  42          {
  43   1        if(i == 0)      //功能0：启动状态数码管显示
  44   1        {
  45   2          bit_start = 1;
  46   2          bit_time = 0;
  47   2          bit_end = 0;
  48   2          LCD1602clearscreen();
  49   2        }
  50   1        else if(i == 1) //功能1：时间状态数码管显示
  51   1        {
  52   2          bit_start = 0;
  53   2          bit_time = 1;
  54   2          bit_end = 0;
C51 COMPILER V9.59.0.0   KEY                                                               12/29/2021 20:16:09 PAGE 2   

  55   2          if(bit_change == 1 && bit_extra == 0) //电费加一
  56   2          {
  57   3            ELEFEE++;
  58   3            bit_start = 0;
  59   3            bit_time = 0;
  60   3            bit_end = 0;
  61   3          }
  62   2          LCD1602clearscreen();
  63   2        }
  64   1        else if(i == 2) //功能2：结费状态数码管显示
  65   1        {
  66   2          bit_start = 0;
  67   2          bit_time = 0;
  68   2          bit_end = 1;
  69   2          if(bit_change == 1 && bit_extra == 0) //电费减一
  70   2          {
  71   3            ELEFEE--;
  72   3            bit_start = 0;
  73   3            bit_time = 0;
  74   3            bit_end = 0;
  75   3          }
  76   2          LCD1602clearscreen();
  77   2        }
  78   1        else if(i == 3) //功能3：修改电费数码管显示
  79   1        {
  80   2          bit_start = 0;
  81   2          bit_time = 0;
  82   2          bit_end = 0;
  83   2          bit_change = ~bit_change;
  84   2          LCD1602clearscreen();
  85   2        }
  86   1      }
  87          /**********按键消抖函数**********/
  88          void keybuff()
  89          {
  90   1        static unsigned char i;
  91   1        static unsigned char keybuffer[] = {
  92   1        0XFF,0XFF,0XFF,0XFF
  93   1        };
  94   1        keybuffer[0] = keybuffer[0] << 1 | KEY1;
  95   1        keybuffer[1] = keybuffer[1] << 1 | KEY2;
  96   1        keybuffer[2] = keybuffer[2] << 1 | KEY3;
  97   1        keybuffer[3] = keybuffer[3] << 1 | KEY4;
  98   1        for(i=0;i<4;i++) 
  99   1        {
 100   2          if(keybuffer[i] == 0XFF)
 101   2          {
 102   3            keyfinally[i] = 1;
 103   3          }
 104   2          else if(keybuffer[i] == 0X00)
 105   2          {
 106   3            keyfinally[i] = 0;
 107   3          }
 108   2        }
 109   1      }


MODULE INFORMATION:   STATIC OVERLAYABLE
   CODE SIZE        =    247    ----
   CONSTANT SIZE    =   ----    ----
   XDATA SIZE       =   ----    ----
   PDATA SIZE       =   ----    ----
C51 COMPILER V9.59.0.0   KEY                                                               12/29/2021 20:16:09 PAGE 3   

   DATA SIZE        =     14       1
   IDATA SIZE       =   ----    ----
   BIT SIZE         =      5    ----
END OF MODULE INFORMATION.


C51 COMPILATION COMPLETE.  0 WARNING(S),  0 ERROR(S)
