C51 COMPILER V9.59.0.0   LCD1602                                                           12/29/2021 20:16:09 PAGE 1   


C51 COMPILER V9.59.0.0, COMPILATION OF MODULE LCD1602
OBJECT MODULE PLACED IN .\Objects\LCD1602.obj
COMPILER INVOKED BY: D:\Keil5\C51\BIN\C51.EXE LCD1602.c OPTIMIZE(8,SPEED) BROWSE DEBUG OBJECTEXTEND PRINT(.\Listings\LCD
                    -1602.lst) TABS(2) OBJECT(.\Objects\LCD1602.obj)

line level    source

   1          /**************************
   2               LCD1602配置函数
   3          ***************************/
   4          #include <reg52.h>
   5          #include "main.h"
   6          
   7          /*LCD1602读状态函数*/
   8          void LCD1602readstate()
   9          {
  10   1        unsigned char sta;
  11   1        LCD1602RS = 0;
  12   1        LCD1602RW = 1;
  13   1        LCD1602DB = 0XFF;
  14   1        do                    //忙位检测，当LCD1602DB最高位为0时，不忙。
  15   1        {
  16   2          LCD1602E = 1;       //使能端用到的时候在开，先配置好其他端口
  17   2          sta = LCD1602DB;
  18   2          LCD1602E = 0;
  19   2        }
  20   1        while(sta & 0X80);
  21   1      }
  22          /*LCD1602写指令函数*/
  23          void LCD1602writecmd(unsigned char cmd)
  24          {
  25   1        LCD1602readstate();   //写指令前必须进行读状态
  26   1        LCD1602RS = 0;
  27   1        LCD1602RW = 0;
  28   1        LCD1602DB = cmd;
  29   1        LCD1602E = 0;         //高脉冲触发
  30   1        LCD1602E = 1;
  31   1        LCD1602E = 0;
  32   1      }
  33          /*LCD1602初始化函数*/
  34          void LCD1602init()
  35          {
  36   1        LCD1602writecmd(0X38);//显示模式设置
  37   1        LCD1602writecmd(0X0C);//显示开关设置
  38   1        LCD1602writecmd(0X06);//显示光标设置
  39   1        LCD1602writecmd(0X01);//显示清屏
  40   1      }
  41          /*LCD1602显示坐标设置*/
  42          void LCD1602setcoor(unsigned char x,unsigned char y)
  43          {
  44   1        unsigned char add; 
  45   1        if(y == 0)
  46   1        {
  47   2          add = 0X00 + x;     //第一行首地址为0X00
  48   2        }
  49   1        else 
  50   1        {
  51   2          add = 0X40 + x;     //第二行首地址为0X40
  52   2        }
  53   1        LCD1602writecmd(add | 0X80);//设置数据指针
  54   1      }
C51 COMPILER V9.59.0.0   LCD1602                                                           12/29/2021 20:16:09 PAGE 2   

  55          /*LCD1602写数据函数*/
  56          void LCD1602writedata(unsigned char string)
  57          {
  58   1        LCD1602readstate();  //写数据前须进行读状态，即进行DB7为忙位检测
  59   1        LCD1602RS = 1;
  60   1        LCD1602RW = 0;
  61   1        LCD1602DB = string;
  62   1        LCD1602E = 0;
  63   1        LCD1602E = 1;
  64   1        LCD1602E = 0;
  65   1      }
  66          /*LCD1602显示配置函数*/
  67          void LCD1602show(unsigned char x,unsigned char y,unsigned char *str)
  68          {
  69   1        LCD1602setcoor(x,y);   //设置显示坐标
  70   1        while(*str != '\0')
  71   1        {
  72   2          LCD1602writedata(*str++);
  73   2        }
  74   1      }
  75          /*LCD1602整屏清零函数*/
  76          void LCD1602clearscreen()
  77          {
  78   1        LCD1602writecmd(0X01);
  79   1      }


MODULE INFORMATION:   STATIC OVERLAYABLE
   CODE SIZE        =    137    ----
   CONSTANT SIZE    =   ----    ----
   XDATA SIZE       =   ----    ----
   PDATA SIZE       =   ----    ----
   DATA SIZE        =   ----       3
   IDATA SIZE       =   ----    ----
   BIT SIZE         =   ----    ----
END OF MODULE INFORMATION.


C51 COMPILATION COMPLETE.  0 WARNING(S),  0 ERROR(S)
