C51 COMPILER V9.59.0.0   T0T1                                                              12/29/2021 20:16:09 PAGE 1   


C51 COMPILER V9.59.0.0, COMPILATION OF MODULE T0T1
OBJECT MODULE PLACED IN .\Objects\T0T1.obj
COMPILER INVOKED BY: D:\Keil5\C51\BIN\C51.EXE T0T1.c OPTIMIZE(8,SPEED) BROWSE DEBUG OBJECTEXTEND PRINT(.\Listings\T0T1.l
                    -st) TABS(2) OBJECT(.\Objects\T0T1.obj)

line level    source

   1          /**************************
   2              定时器T0T1定时程序
   3          **************************/
   4          #include <reg52.h>
   5          unsigned char TH0R,TL0R;  //T0高低八位重载值
   6          unsigned char TH1R,TL1R;  //T1高低八位重载值
   7          
   8          /**********T0定时器配置函数**********/
   9          void configtime0(unsigned char ms)
  10          {
  11   1        unsigned int temp;
  12   1        temp = 65536 - 1000*ms;
  13   1        TH0R = (unsigned char)(temp >> 8); 
  14   1        TL0R = (unsigned char)(temp);
  15   1        TH0 = TH0R;         //定时1ms
  16   1        TL0 = TL0R;
  17   1        TMOD = 0X01 | TMOD; //T0设置为1模式
  18   1        TR0 = 1;            //T0开始定时
  19   1        ET0 = 1;            //开T0中断
  20   1      }
  21          /**********T1定时器配置函数**********/
  22          void configtime1(unsigned char ms)
  23          {
  24   1        unsigned int temp;
  25   1        temp = 65536 - 1000*ms;
  26   1        TH1R = (unsigned char)(temp >> 8);
  27   1        TL1R = (unsigned char)(temp);
  28   1        TH1 = TH0R;         //定时2ms
  29   1        TL1 = TL0R;
  30   1        TMOD = 0X10 | TMOD; //T1设置为1模式
  31   1        TR1 = 1;            //T1开始定时
  32   1        ET1 = 1;            //开T1中断
  33   1      }


MODULE INFORMATION:   STATIC OVERLAYABLE
   CODE SIZE        =     69    ----
   CONSTANT SIZE    =   ----    ----
   XDATA SIZE       =   ----    ----
   PDATA SIZE       =   ----    ----
   DATA SIZE        =      4    ----
   IDATA SIZE       =   ----    ----
   BIT SIZE         =   ----    ----
END OF MODULE INFORMATION.


C51 COMPILATION COMPLETE.  0 WARNING(S),  0 ERROR(S)
