C51 COMPILER V9.59.0.0   LCD1602                                                           09/02/2021 09:53:09 PAGE 1   


C51 COMPILER V9.59.0.0, COMPILATION OF MODULE LCD1602
OBJECT MODULE PLACED IN .\Objects\LCD1602.obj
COMPILER INVOKED BY: D:\Keil5\C51\BIN\C51.EXE LCD1602.c OPTIMIZE(8,SPEED) BROWSE DEBUG OBJECTEXTEND PRINT(.\Listings\LCD
                    -1602.lst) TABS(2) OBJECT(.\Objects\LCD1602.obj)

line level    source

   1          /**************************
   2          LCD1602配置函数
   3          ***************************/
   4          #include <reg52.h>
   5          #define LCD1602DB P0    //定义总线
   6          sbit LCD1602RS = P1^0;  //RS为数据/命令选择端（1/0）
   7          sbit LCD1602RW = P1^1;  //RW为读/写选择端（1/0）
   8          sbit LCD1602E = P1^5;   //E为使能端
   9          /*LCD1602读状态函数*/
  10          void LCD1602readstate()
  11          {
  12   1        unsigned char sta;
  13   1        LCD1602RS = 0;
  14   1        LCD1602RW = 1;
  15   1        LCD1602DB = 0XFF;
  16   1        do                    //忙位检测，当LCD1602DB最高位为0时，不忙。
  17   1        {
  18   2          LCD1602E = 1;       //使能端用到的时候在开，先配置好其他端口
  19   2          sta = LCD1602DB;
  20   2          LCD1602E = 0;
  21   2        }
  22   1        while(sta & 0X80);
  23   1      }
  24          /*LCD1602写指令函数*/
  25          void LCD1602writecmd(unsigned char cmd)
  26          {
  27   1        LCD1602readstate();   //写指令前必须进行读状态
  28   1        LCD1602RS = 0;
  29   1        LCD1602RW = 0;
  30   1        LCD1602DB = cmd;
  31   1        LCD1602E = 0;         //高脉冲触发
  32   1        LCD1602E = 1;
  33   1        LCD1602E = 0;
  34   1      }
  35          /*LCD1602初始化函数*/
  36          void LCD1602init()
  37          {
  38   1        LCD1602writecmd(0X38);//显示模式设置
  39   1        LCD1602writecmd(0X0C);//显示开关设置
  40   1        LCD1602writecmd(0X06);//显示光标设置
  41   1        LCD1602writecmd(0X01);//显示清屏
  42   1      }
  43          /*LCD1602显示坐标设置*/
  44          void LCD1602setcoor(unsigned char x,unsigned char y)
  45          {
  46   1        unsigned char add; 
  47   1        if(y == 0)
  48   1        {
  49   2          add = 0X00 + x;     //第一行首地址为0X00
  50   2        }
  51   1        else 
  52   1        {
  53   2          add = 0X40 + x;     //第二行首地址为0X40
  54   2        }
C51 COMPILER V9.59.0.0   LCD1602                                                           09/02/2021 09:53:09 PAGE 2   

  55   1        LCD1602writecmd(add | 0X80);//设置数据指针
  56   1      }
  57          /*LCD1602写数据函数*/
  58          void LCD1602writedata(unsigned char string)
  59          {
  60   1        LCD1602readstate();  //写数据前须进行读状态，即进行DB7为忙位检测
  61   1        LCD1602RS = 1;
  62   1        LCD1602RW = 0;
  63   1        LCD1602DB = string;
  64   1        LCD1602E = 0;
  65   1        LCD1602E = 1;
  66   1        LCD1602E = 0;
  67   1      }
  68          /*LCD1602显示配置函数*/
  69          void LCD1602show(unsigned char x,unsigned char y,unsigned char *str)
  70          {
  71   1        LCD1602setcoor(x,y);   //设置显示坐标
  72   1        while(*str != '\0')
  73   1        {
  74   2          LCD1602writedata(*str++);
  75   2        }
  76   1      }
  77          /*LCD1602整屏清零函数*/
  78          /*
  79          void LCD1602clearscreen()
  80          {
  81            LCD1602writecmd(0X01);
  82          }
  83          */


MODULE INFORMATION:   STATIC OVERLAYABLE
   CODE SIZE        =    132    ----
   CONSTANT SIZE    =   ----    ----
   XDATA SIZE       =   ----    ----
   PDATA SIZE       =   ----    ----
   DATA SIZE        =   ----       3
   IDATA SIZE       =   ----    ----
   BIT SIZE         =   ----    ----
END OF MODULE INFORMATION.


C51 COMPILATION COMPLETE.  0 WARNING(S),  0 ERROR(S)
