C51 COMPILER V9.59.0.0   MAIN                                                              08/14/2021 10:35:36 PAGE 1   


C51 COMPILER V9.59.0.0, COMPILATION OF MODULE MAIN
OBJECT MODULE PLACED IN .\Objects\main.obj
COMPILER INVOKED BY: D:\Keil5\C51\BIN\C51.EXE main.c OPTIMIZE(8,SPEED) BROWSE DEBUG OBJECTEXTEND PRINT(.\Listings\main.l
                    -st) TABS(2) OBJECT(.\Objects\main.obj)

line level    source

   1          #include <reg52.h>
   2          void configbuad(unsigned int buad);//函数声明
   3          void main()
   4          {
   5   1        EA = 1;            //打开总中断
   6   1        ES = 1;            //打开UART串口中断
   7   1        SCON = 0X50;       //设置串口通信为1模式
   8   1        configbuad(9600);  //配置波特率为9600
   9   1        while(1);
  10   1      }
  11          void configbuad(unsigned int buad)
  12          {
  13   1        TMOD = TMOD & 0X0F;//设置定时器1为模式2，即自动1重装模式
  14   1        TMOD = TMOD | 0X20;
  15   1        TH1 = 256 - (11059200/12)/32/buad;
  16   1        TL1 = TH0;
  17   1        TR1 = 1;           //定时器1开始定时
  18   1      }
  19          void interruptUART() interrupt 4
  20          {
  21   1        if(TI)             //RI为接受中断标志，且需要软件清零
  22   1        {
  23   2          TI = 0;
  24   2        }
  25   1        else if(RI)        //TI为发送中断标志，且需要软件清零
  26   1        {
  27   2          RI = 0;
  28   2          SBUF = SBUF + 1; //SBUF为接受到的数据
  29   2        }
  30   1      }


MODULE INFORMATION:   STATIC OVERLAYABLE
   CODE SIZE        =     63    ----
   CONSTANT SIZE    =   ----    ----
   XDATA SIZE       =   ----    ----
   PDATA SIZE       =   ----    ----
   DATA SIZE        =   ----    ----
   IDATA SIZE       =   ----    ----
   BIT SIZE         =   ----    ----
END OF MODULE INFORMATION.


C51 COMPILATION COMPLETE.  0 WARNING(S),  0 ERROR(S)
