C51 COMPILER V9.59.0.0   NIXIE_TUBE_DYNAMIC_DISPLAY                                        07/24/2021 17:33:43 PAGE 1   


C51 COMPILER V9.59.0.0, COMPILATION OF MODULE NIXIE_TUBE_DYNAMIC_DISPLAY
OBJECT MODULE PLACED IN .\Objects\Nixie tube dynamic display.obj
COMPILER INVOKED BY: D:\Keil5\C51\BIN\C51.EXE Nixie tube dynamic display.c OPTIMIZE(8,SPEED) BROWSE DEBUG OBJECTEXTEND P
                    -RINT(.\Listings\Nixie tube dynamic display.lst) TABS(2) OBJECT(.\Objects\Nixie tube dynamic display.obj)

line level    source

   1          #include <reg52.h>
   2          sbit ADDR0 = P1^0;
   3          sbit ADDR1 = P1^1;
   4          sbit ADDR2 = P1^2;
   5          sbit ADDR3 = P1^3;
   6          sbit ENLED = P1^4;
   7          unsigned char code number[]={   //定义number数组存放0-9对应的16进制编码
   8            0xc0,0xf9,0xa4,0xb0,0x99,
   9            0x92,0x82,0xf8,0x80,0x90
  10            };
  11          unsigned char buffer[]={       //数码管显示缓冲存放数组
  12            0xff,0xff,0xff,0xff,0xff,0xff
  13            };
  14          void secondcount();
  15          void ledrefresh();
  16          void main()
  17          {  
  18   1        ENLED = 0;
  19   1        ADDR3 = 1;
  20   1        TMOD = 0x01;                  //1ms定时
  21   1        TH0 = 0xfc;
  22   1        TL0 = 0x67;
  23   1        TR0 = 1;
  24   1        
  25   1        while(1)
  26   1        {
  27   2          if (TF0 == 1)
  28   2          {
  29   3            TF0 = 0;
  30   3            TH0 = 0xfc;
  31   3            TL0 = 0x67;
  32   3            secondcount();
  33   3          }       
  34   2            ledrefresh();  
  35   2        }
  36   1      }
  37          
  38          
  39          void secondcount()
  40          {
  41   1        static unsigned int cnt = 0;         //对10ms计数，cnt=1000即1s清零
  42   1        static unsigned long sec = 0;        //数码管显示计数，1秒加一
  43   1        cnt++;
  44   1            if (cnt == 1000)
  45   1            {
  46   2              cnt = 0;
  47   2              sec++;
  48   2              buffer[0] = number[sec%10];        //显示缓冲
  49   2              buffer[1] = number[sec/10%10];     //十位
  50   2              buffer[2] = number[sec/100%10];    //百位
  51   2              buffer[3] = number[sec/1000%10];   //千位
  52   2              buffer[4] = number[sec/10000%10];  //万位
  53   2              buffer[5] = number[sec/100000%10]; //十万位
  54   2            }
C51 COMPILER V9.59.0.0   NIXIE_TUBE_DYNAMIC_DISPLAY                                        07/24/2021 17:33:43 PAGE 2   

  55   1      }
  56          void ledrefresh()
  57          {
  58   1        static unsigned char i = 0; 
  59   1        P0 = 0xff;     //消除数码管上鬼影       
  60   1        switch (i) 
  61   1             {         //每1ms进入一次，点亮一个数码管
  62   2               case 0 : ADDR2 = 0; ADDR1 = 0; ADDR0 = 0; P0 = buffer[0]; i++; break ;
  63   2               case 1 : ADDR2 = 0; ADDR1 = 0; ADDR0 = 1; P0 = buffer[1]; i++; break ;
  64   2               case 2 : ADDR2 = 0; ADDR1 = 1; ADDR0 = 0; P0 = buffer[2]; i++; break ;
  65   2               case 3 : ADDR2 = 0; ADDR1 = 1; ADDR0 = 1; P0 = buffer[3]; i++; break ;
  66   2               case 4 : ADDR2 = 1; ADDR1 = 0; ADDR0 = 0; P0 = buffer[4]; i++; break ;
  67   2               case 5 : ADDR2 = 1; ADDR1 = 0; ADDR0 = 1; P0 = buffer[5]; i = 0; break ;
  68   2             }
  69   1      } 


MODULE INFORMATION:   STATIC OVERLAYABLE
   CODE SIZE        =    413    ----
   CONSTANT SIZE    =     10    ----
   XDATA SIZE       =   ----    ----
   PDATA SIZE       =   ----    ----
   DATA SIZE        =     13    ----
   IDATA SIZE       =   ----    ----
   BIT SIZE         =   ----    ----
END OF MODULE INFORMATION.


C51 COMPILATION COMPLETE.  0 WARNING(S),  0 ERROR(S)
