C51 COMPILER V9.59.0.0   MAIN                                                              08/14/2021 12:06:07 PAGE 1   


C51 COMPILER V9.59.0.0, COMPILATION OF MODULE MAIN
OBJECT MODULE PLACED IN .\Objects\main.obj
COMPILER INVOKED BY: D:\Keil5\C51\BIN\C51.EXE main.c OPTIMIZE(8,SPEED) BROWSE DEBUG OBJECTEXTEND PRINT(.\Listings\main.l
                    -st) TABS(2) OBJECT(.\Objects\main.obj)

line level    source

   1          #include <reg52.h>
   2          sbit ADDR0 = P1^0;
   3          sbit ADDR1 = P1^1;
   4          sbit ADDR2 = P1^2;
   5          sbit ADDR3 = P1^3;
   6          sbit ENLED = P1^4;
   7          unsigned char code lednumber[]={      
   8            0xc0,0xf9,0xa4,0xb0,0x99,
   9            0x92,0x82,0xf8,0x80,0x90
  10           };
  11          unsigned char ledbuffer[6]={
  12            0XFF,0XFF,0XFF,0XFF,0XFF,0XFF
  13           };
  14          unsigned char TH0R = 0;
  15          unsigned char TL0R = 0;
  16          unsigned long number;
  17           
  18          void configbuad(unsigned int buad);
  19          void configtime0(unsigned char ms); 
  20          
  21          void main()
  22          {
  23   1        ENLED = 0;
  24   1        ADDR3 = 1;
  25   1        EA = 1;
  26   1        configtime0(1);
  27   1        configbuad(9600);
  28   1        while(1)
  29   1        {
  30   2          ledbuffer[0] = lednumber[number & 0X0F];
  31   2          ledbuffer[1] = lednumber[number >> 4];
  32   2        }
  33   1      }
  34          
  35          void configtime0(unsigned char ms)
  36          {
  37   1        unsigned long temp;
  38   1        TMOD = TMOD & 0XF0;
  39   1        TMOD = TMOD | 0X01;
  40   1        temp = 65536-(11059200/12*ms/1000);
  41   1        TH0R = (unsigned char)(temp >> 8);
  42   1        TL0R = (unsigned char)temp;
  43   1        TH0 = TH0R;
  44   1        TL0 = TL0R;
  45   1        TR0 = 1;
  46   1        ET0 = 1;
  47   1      }
  48          
  49          void configbuad(unsigned int buad)
  50          {
  51   1        SCON = 0X50;
  52   1        TMOD = TMOD & 0X0F;
  53   1        TMOD = TMOD | 0X20;
  54   1        TH1 = 256 - (11059200/12/32)/buad;
C51 COMPILER V9.59.0.0   MAIN                                                              08/14/2021 12:06:07 PAGE 2   

  55   1        TL1 = TH1;
  56   1        TR1 = 1;
  57   1        ES = 1;
  58   1      }
  59          
  60          void interruptUART() interrupt 4
  61          {
  62   1        if(RI)
  63   1        {
  64   2          RI = 0;
  65   2          SBUF = SBUF;
  66   2          number = SBUF;
  67   2        }
  68   1        else if(TI)
  69   1        {
  70   2          TI = 0;
  71   2        }
  72   1      }
  73          
  74          void interrupttime0() interrupt 1
  75          {
  76   1        static unsigned char i = 0; 
  77   1        TH0 = TH0R;
  78   1        TL0 = TL0R;
  79   1        P0 = 0XFF;
  80   1        switch(i)
  81   1        {
  82   2          case 0:ADDR2 = 0;ADDR1 = 0;ADDR0 = 0;P0 = ledbuffer[0];i++;break;
  83   2          case 1:ADDR2 = 0;ADDR1 = 0;ADDR0 = 1;P0 = ledbuffer[1];i=0;break;
  84   2          default:break;
  85   2        }
  86   1      }


MODULE INFORMATION:   STATIC OVERLAYABLE
   CODE SIZE        =    265    ----
   CONSTANT SIZE    =     10    ----
   XDATA SIZE       =   ----    ----
   PDATA SIZE       =   ----    ----
   DATA SIZE        =     13       4
   IDATA SIZE       =   ----    ----
   BIT SIZE         =   ----    ----
END OF MODULE INFORMATION.


C51 COMPILATION COMPLETE.  0 WARNING(S),  0 ERROR(S)
