C51 COMPILER V9.59.0.0   I2C                                                               09/02/2021 10:28:30 PAGE 1   


C51 COMPILER V9.59.0.0, COMPILATION OF MODULE I2C
OBJECT MODULE PLACED IN .\Objects\I2C.obj
COMPILER INVOKED BY: D:\Keil5\C51\BIN\C51.EXE I2C.c OPTIMIZE(8,SPEED) BROWSE DEBUG OBJECTEXTEND PRINT(.\Listings\I2C.lst
                    -) TABS(2) OBJECT(.\Objects\I2C.obj)

line level    source

   1          /********************
   2          I2C通信配置函数
   3          ********************/
   4          #include <reg52.h>
   5          #include <intrins.h>
   6          #define I2Cdelay() {_nop_();_nop_();_nop_();_nop_();}
   7          sbit I2C_SCL = P3^7;//用单片机I/O口模拟I2C通信，（STC89C52没有专门I2C通信寄存器）
   8          sbit I2C_SDA = P3^6;
   9          /*I2C通信起始信号函数*/
  10          void I2Cstart()
  11          {
  12   1        I2C_SCL = 1;
  13   1        I2C_SDA = 1;
  14   1        I2Cdelay();
  15   1        I2C_SDA = 0;
  16   1        I2Cdelay();
  17   1        I2C_SCL = 0;
  18   1      }
  19          /*I2C通信写数据函数*/
  20          unsigned char I2Cwrite(unsigned char dat)
  21          {
  22   1        unsigned char ack;
  23   1        unsigned char mask;
  24   1        for(mask=0X80;mask!=0;mask=mask>>1)
  25   1        {
  26   2          if((dat & mask) == 0)
  27   2          {
  28   3            I2C_SDA = 0;
  29   3          }
  30   2          else
  31   2          {
  32   3            I2C_SDA = 1;
  33   3          }
  34   2          I2Cdelay();
  35   2          I2C_SCL = 1;
  36   2          I2Cdelay();
  37   2          I2C_SCL = 0;
  38   2        }
  39   1        I2C_SDA = 1;
  40   1        I2Cdelay();
  41   1        I2C_SCL = 1;
  42   1        I2Cdelay();
  43   1        ack = I2C_SDA;
  44   1        I2C_SCL = 0;
  45   1        
  46   1        return ack;
  47   1      }
  48          /*I2C通信停止函数*/
  49          void I2Cstop()
  50          {
  51   1        I2C_SCL = 0;
  52   1        I2C_SDA = 0;
  53   1        I2Cdelay();
  54   1        I2C_SCL = 1;
C51 COMPILER V9.59.0.0   I2C                                                               09/02/2021 10:28:30 PAGE 2   

  55   1        I2Cdelay();
  56   1        I2C_SDA= 1;
  57   1        I2Cdelay();
  58   1      }
  59          /*I2C通信读操作函数，并发送非应答位*/
  60          unsigned char I2CreadNACK()
  61          {
  62   1        unsigned char dat;
  63   1        unsigned char mask;
  64   1        I2C_SDA = 1;
  65   1        for(mask=0X80;mask!=0;mask=mask>>1)
  66   1        {
  67   2          I2Cdelay();
  68   2          I2C_SCL = 1;
  69   2          if(I2C_SDA ==0)
  70   2          {
  71   3            dat = dat & (~mask);
  72   3          }
  73   2          else
  74   2          {
  75   3            dat = dat | mask;
  76   3          }
  77   2          I2Cdelay();
  78   2          I2C_SCL = 0;
  79   2        }
  80   1        I2C_SDA = 1;
  81   1        I2Cdelay();
  82   1        I2C_SCL = 1;
  83   1        I2Cdelay();
  84   1        I2C_SCL = 0;
  85   1        
  86   1        return dat;
  87   1      }
  88          /*I2C通信读操作函数，并发送应答位*/
  89          unsigned char I2CreadACK()
  90          {
  91   1        unsigned char dat;
  92   1        unsigned char mask;
  93   1        I2C_SDA = 1;
  94   1        for(mask=0X80;mask!=0;mask=mask>>1)
  95   1        {
  96   2          I2Cdelay();
  97   2          I2C_SCL = 1;
  98   2          if(I2C_SDA ==0)
  99   2          {
 100   3            dat = dat & (~mask);
 101   3          }
 102   2          else
 103   2          {
 104   3            dat = dat | mask;
 105   3          }
 106   2          I2Cdelay();
 107   2          I2C_SCL = 0;
 108   2        }
 109   1        I2C_SDA = 0;
 110   1        I2Cdelay();
 111   1        I2C_SCL = 1;
 112   1        I2Cdelay();
 113   1        I2C_SCL = 0;
 114   1        
 115   1        return dat;
 116   1      }
C51 COMPILER V9.59.0.0   I2C                                                               09/02/2021 10:28:30 PAGE 3   



MODULE INFORMATION:   STATIC OVERLAYABLE
   CODE SIZE        =    192    ----
   CONSTANT SIZE    =   ----    ----
   XDATA SIZE       =   ----    ----
   PDATA SIZE       =   ----    ----
   DATA SIZE        =   ----    ----
   IDATA SIZE       =   ----    ----
   BIT SIZE         =   ----    ----
END OF MODULE INFORMATION.


C51 COMPILATION COMPLETE.  0 WARNING(S),  0 ERROR(S)
