C51 COMPILER V9.59.0.0   MAIN                                                              09/02/2021 10:28:29 PAGE 1   


C51 COMPILER V9.59.0.0, COMPILATION OF MODULE MAIN
OBJECT MODULE PLACED IN .\Objects\main.obj
COMPILER INVOKED BY: D:\Keil5\C51\BIN\C51.EXE main.c OPTIMIZE(8,SPEED) BROWSE DEBUG OBJECTEXTEND PRINT(.\Listings\main.l
                    -st) TABS(2) OBJECT(.\Objects\main.obj)

line level    source

   1          #include <reg52.h>
   2          unsigned char TH0R;
   3          unsigned char TL0R;
   4          
   5          extern void keydriver();
   6          extern void keyscan();
   7          extern void I2Cstart();
   8          extern unsigned char I2Cwrite(unsigned char dat);
   9          extern void I2Cstop();
  10          
  11          void configtime0(unsigned char ms);
  12          
  13          void main()
  14          {
  15   1        EA = 1;
  16   1        configtime0(1);//定时器T0定时1ms
  17   1        while(1)
  18   1        {
  19   2          keydriver();
  20   2        }
  21   1      }
  22          /*设置DA输出函数*/
  23          void setDAout(unsigned char val)
  24          {
  25   1        I2Cstart();
  26   1        I2Cwrite(0X90);
  27   1        I2Cwrite(0X40);
  28   1        I2Cwrite(val);
  29   1        I2Cstop();
  30   1      }
  31          /*按键动作函数*/
  32          void keyaction(unsigned char keycode)
  33          {
  34   1        static unsigned char val = 0;
  35   1        if(keycode == 10)
  36   1        {
  37   2          if(val <= 25)
  38   2          {
  39   3            val++;
  40   3            setDAout(val*255/25);
  41   3          }
  42   2        }
  43   1        else if(keycode == 11)
  44   1        {
  45   2          if(val >= 0)
  46   2          {
  47   3            val--;
  48   3            setDAout(val*255/25);
  49   3          }
  50   2        }
  51   1      }
  52          /*定时器T0配置函数*/
  53          void configtime0(unsigned char ms)
  54          {
C51 COMPILER V9.59.0.0   MAIN                                                              09/02/2021 10:28:29 PAGE 2   

  55   1        unsigned long tmp;
  56   1        tmp = 11059200/12;
  57   1        tmp = (tmp*ms)/1000;
  58   1        tmp = 65536 - tmp;
  59   1        TH0R = (unsigned char)(tmp >> 8);
  60   1        TL0R = (unsigned char)(tmp);
  61   1        TMOD = TMOD & 0XF0;
  62   1        TMOD = TMOD | 0X01;
  63   1        TH0 = TH0R;
  64   1        TL0 = TL0R;
  65   1        TR0 = 1;
  66   1        ET0 = 1;
  67   1      }
  68          /*定时器T0中断*/
  69          void interrupttime0() interrupt 1
  70          {
  71   1        TH0 = TH0R;
  72   1        TL0 = TL0R;
  73   1        keyscan();
  74   1      }


MODULE INFORMATION:   STATIC OVERLAYABLE
   CODE SIZE        =    258    ----
   CONSTANT SIZE    =   ----    ----
   XDATA SIZE       =   ----    ----
   PDATA SIZE       =   ----    ----
   DATA SIZE        =      3       6
   IDATA SIZE       =   ----    ----
   BIT SIZE         =   ----    ----
END OF MODULE INFORMATION.


C51 COMPILATION COMPLETE.  0 WARNING(S),  0 ERROR(S)
