C51 COMPILER V9.59.0.0   WATERLED                                                          07/19/2021 11:50:54 PAGE 1   


C51 COMPILER V9.59.0.0, COMPILATION OF MODULE WATERLED
OBJECT MODULE PLACED IN .\Objects\waterLED.obj
COMPILER INVOKED BY: D:\Keil5\C51\BIN\C51.EXE waterLED.c OPTIMIZE(8,SPEED) BROWSE DEBUG OBJECTEXTEND PRINT(.\Listings\wa
                    -terLED.lst) TABS(2) OBJECT(.\Objects\waterLED.obj)

line level    source

   1          #include <reg52.h>
   2          
   3          sbit ADDR3 = P1^3;
   4          sbit ADDR2 = P1^2;
   5          sbit ADDR1 = P1^1;
   6          sbit ADDR0 = P1^0;
   7          sbit ENLED = P1^4;
   8          
   9          void main()
  10          {
  11   1        unsigned int i;
  12   1        unsigned char cnt=0;
  13   1        ENLED = 0;
  14   1        ADDR3 = 1;
  15   1        ADDR2 = 1;
  16   1        ADDR1 = 1;
  17   1        ADDR0 = 0;
  18   1        
  19   1        while(1)
  20   1        {
  21   2          //P0 = ~(0x01<<cnt); 
  22   2          //for(i=0;i<=30000;i++);
  23   2          //cnt++;
  24   2          //if(cnt==8)
  25   2          //{
  26   2          //  cnt=0;
  27   2          //}
  28   2      
  29   2          for(cnt=0;cnt<=8;cnt++)
  30   2          {
  31   3          P0 =~(0x01<<cnt);
  32   3          for(i=0;i<=30000;i++);
  33   3          }
  34   2          
  35   2          for(cnt=0;cnt<=8;cnt++)
  36   2          {
  37   3            P0 =~(0x80>>cnt);
  38   3            for(i=0;i<=30000;i++);
  39   3          }
  40   2          
  41   2        }
  42   1      }


MODULE INFORMATION:   STATIC OVERLAYABLE
   CODE SIZE        =     96    ----
   CONSTANT SIZE    =   ----    ----
   XDATA SIZE       =   ----    ----
   PDATA SIZE       =   ----    ----
   DATA SIZE        =   ----    ----
   IDATA SIZE       =   ----    ----
   BIT SIZE         =   ----    ----
END OF MODULE INFORMATION.


C51 COMPILATION COMPLETE.  0 WARNING(S),  0 ERROR(S)
