C51 COMPILER V9.59.0.0   DS1302                                                            12/06/2021 20:39:55 PAGE 1   


C51 COMPILER V9.59.0.0, COMPILATION OF MODULE DS1302
OBJECT MODULE PLACED IN .\Objects\DS1302.obj
COMPILER INVOKED BY: D:\Keil5\C51\BIN\C51.EXE DS1302.c OPTIMIZE(8,SPEED) BROWSE DEBUG OBJECTEXTEND PRINT(.\Listings\DS13
                    -02.lst) TABS(2) OBJECT(.\Objects\DS1302.obj)

line level    source

   1          /**************************
   2                DS1302通信程序
   3          **************************/
   4          #include <reg52.h>
   5          sbit SCE = P2^3;
   6          sbit SCK = P2^4;
   7          sbit SIO = P2^5;
   8          unsigned char DS1302singleread(unsigned char adr);
   9          void DS1302singlewrite(unsigned char adr,unsigned char date);
  10          void DS1302burstwrite(unsigned char *date);
  11          void DS1302burstread(unsigned char *date);
  12          void DS1302bytewrite(unsigned char date);
  13          unsigned char DS1302byteread();
  14          
  15          unsigned char code timeinit[] = {   //2021年11月29日09时14分00秒，星期一
  16            0X00,0X14,0X09,0X29,0X11,0X01,0X21
  17          };
  18          
  19          /**********DS1302初始化**********/
  20          void DS1302init()
  21          {
  22   1        unsigned char date;
  23   1        SCE = 0;  //使能引脚默认低电平
  24   1        SCK = 0;  //时钟引脚默认低电平
  25   1        date = DS1302singleread(0x81);  //读秒寄存器
  26   1        if((date & 0x80) != 0)          //若秒寄存器最高位为1，则时钟停止工作
  27   1        {                             
  28   2          DS1302singlewrite(0X8E,0X00); //去除写保护位
  29   2          DS1302burstwrite(timeinit);   //burst模式写时间
  30   2        }
  31   1      }
  32          /**********DS1302读操作**********/
  33          unsigned char DS1302singleread(unsigned char adr)
  34          {
  35   1        unsigned char date;
  36   1        SCE = 1;                //使能片选信号
  37   1        DS1302bytewrite(adr);   //单字节写入要读取数据的地址
  38   1        date = DS1302byteread();//单字节读
  39   1        SCE = 0;                //除能片选信号
  40   1        return date;
  41   1      }
  42          /**********DS1302写操作**********/
  43          void DS1302singlewrite(unsigned char adr,unsigned char date)
  44          {
  45   1        SCE = 1;              //使能片选信号
  46   1        DS1302bytewrite(adr); //单字节写入要写入数据的地址
  47   1        DS1302bytewrite(date);//单字节写入数据
  48   1        SCE = 0;              //除能片选信号
  49   1      }
  50          /**********DS1302burst写操作**********/
  51          void DS1302burstwrite(unsigned char *date)
  52          {
  53   1        unsigned char i;
  54   1        SCE = 1;              //使能片选信号
C51 COMPILER V9.59.0.0   DS1302                                                            12/06/2021 20:39:55 PAGE 2   

  55   1        DS1302bytewrite(0XBE);//设置为burst模式
  56   1        for(i=0;i<8;i++)
  57   1        {
  58   2          DS1302bytewrite(date[i]);//一次性写入八组寄存器数据
  59   2        }
  60   1        SCE = 0;              //除能片选信号
  61   1      }
  62          /**********DS1302burst读操作**********/
  63          void DS1302burstread(unsigned char *date)
  64          {
  65   1        unsigned char i;
  66   1        SCE = 1;              //使能片选信号
  67   1        DS1302bytewrite(0XBF);//设置为burst模式
  68   1        for(i=0;i<8;i++)
  69   1        {
  70   2          date[i] = DS1302byteread();//一次性读取八组寄存器数据
  71   2        }
  72   1        SCE = 0;              //除能片选信号
  73   1      }
  74          /**********DS1302单字节写操作**********/
  75          void DS1302bytewrite(unsigned char date)
  76          {
  77   1        unsigned char i;
  78   1        for(i=0X01; i!=0; i=i<<1)
  79   1        {
  80   2          if((i&date) != 0)
  81   2          {
  82   3            SIO = 1;
  83   3          }
  84   2          else
  85   2          {
  86   3            SIO = 0;
  87   3          }
  88   2          SCK = 1;
  89   2          SCK = 0;
  90   2        }
  91   1        SIO = 1;
  92   1      }
  93          /**********DS1302单字节操作**********/
  94          unsigned char DS1302byteread()
  95          {
  96   1        unsigned char i;
  97   1        unsigned char date = 0;
  98   1        for(i=0X01;i!=0;i=i<<1)
  99   1        {
 100   2          if(SIO != 0)
 101   2          {
 102   3            date = date | i;
 103   3          }
 104   2          SCK = 1;
 105   2          SCK = 0;
 106   2        }
 107   1        return date;
 108   1      }


MODULE INFORMATION:   STATIC OVERLAYABLE
   CODE SIZE        =    213    ----
   CONSTANT SIZE    =      7    ----
   XDATA SIZE       =   ----    ----
   PDATA SIZE       =   ----    ----
   DATA SIZE        =   ----       9
C51 COMPILER V9.59.0.0   DS1302                                                            12/06/2021 20:39:55 PAGE 3   

   IDATA SIZE       =   ----    ----
   BIT SIZE         =   ----    ----
END OF MODULE INFORMATION.


C51 COMPILATION COMPLETE.  0 WARNING(S),  0 ERROR(S)
