C51 COMPILER V9.59.0.0   MAIN                                                              12/06/2021 20:39:54 PAGE 1   


C51 COMPILER V9.59.0.0, COMPILATION OF MODULE MAIN
OBJECT MODULE PLACED IN .\Objects\main.obj
COMPILER INVOKED BY: D:\Keil5\C51\BIN\C51.EXE main.c OPTIMIZE(8,SPEED) BROWSE DEBUG OBJECTEXTEND PRINT(.\Listings\main.l
                    -st) TABS(2) OBJECT(.\Objects\main.obj)

line level    source

   1          /*******************************************************
   2                         模拟简易电度表
   3                         
   4          *         19电气2 陈浩 2019314230   
   5          
   6          *  LED1501(照明灯)：     P3.2            
   7          *  按键控制(K17~K20)：   P3.4~P3.7;
   8          *  数码管显示(八位共阳)：位码(P0),段码(P1);
   9          *  EEPROM(24C02)：       SCL(P2.6),SDA(P2.7);
  10          *  A/D转换(TLC549)：     CLK(P2.0),DO(P2.1),CS(P2.2);
  11          *  实时时钟(DS1302)：    RST(P2.3),SCLK(P2.4),I/O(P2.5);
  12          *******************************************************/
  13          #include <reg52.h>        //默认头文件
  14          #include "DS1302.h"       //DS1302配置头文件
  15          #include "TLC549.h"       //TLC549配置头文件
  16          #include "key.h"          //按键配置头文件
  17          #include "EEPROM.h"       //EEPROM配置头文件
  18          #include "T0T1.h"         //定时器T0T1配置头文件
  19          #include "display.h"      //三大功能及数码管显示配置头文件
  20          
  21          unsigned int ELEFEE = 58;      //电费,默认为0.52元/度
  22          unsigned int ELECON = 0;  //用电量
  23          unsigned int FEE = 0;     //总电费
  24          unsigned char time[8];    //DS1302读取时间缓冲数组
  25          
  26          /**********主函数**********/
  27          void main()
  28          {
  29   1        EA = 1;             //开总中断
  30   1        configtime0(1);     //配置T0定时器定时1ms
  31   1        configtime1(2);     //配置T1定时器定时2ms
  32   1        DS1302init();       //DS1302初始化
  33   1        EEPROMinit();       //EEPROM初始化
  34   1        P3 = P3 | 0XF0;     //拉高四个按键电平
  35   1        while(1)
  36   1        {
  37   2          keyscan();    //按键扫描
  38   2          ADscan();     //AD扫描
  39   2          DS1302burstread(time); //DS1302burst模式读时间
  40   2        }
  41   1      }
  42          /**********T0定时器中断函数**********/
  43          void interruptt0() interrupt 1
  44          {
  45   1        TH0 = TH0R;     //T0定时器重新定时1ms
  46   1        TL0 = TL0R;
  47   1        startdisplay();
  48   1        timedisplay();
  49   1        enddisplay();
  50   1        changedisplay();
  51   1        display();
  52   1      }
  53          /**********电费自加函数(每1s加0.1度)**********/
  54          void ELECONadd()
C51 COMPILER V9.59.0.0   MAIN                                                              12/06/2021 20:39:54 PAGE 2   

  55          {
  56   1        static unsigned int bit_1s = 0;
  57   1        if( (bit_start == 1) || (bit_time == 1))
  58   1        {
  59   2          bit_1s++;
  60   2          if(bit_1s == 500)
  61   2          {
  62   3            bit_1s = 0;
  63   3            ELECON++;
  64   3          }
  65   2        }
  66   1      }
  67          /**********T1定时器中断函数**********/
  68          void interruptt1() interrupt 3
  69          {
  70   1        TH1 = TH1R;    //T1定时器重新定时2ms
  71   1        TL1 = TL1R;
  72   1        keybuff();
  73   1        ELECONadd();
  74   1        ADrefresh();
  75   1      }


MODULE INFORMATION:   STATIC OVERLAYABLE
   CODE SIZE        =    222    ----
   CONSTANT SIZE    =   ----    ----
   XDATA SIZE       =   ----    ----
   PDATA SIZE       =   ----    ----
   DATA SIZE        =     16    ----
   IDATA SIZE       =   ----    ----
   BIT SIZE         =   ----    ----
END OF MODULE INFORMATION.


C51 COMPILATION COMPLETE.  0 WARNING(S),  0 ERROR(S)
