C51 COMPILER V9.59.0.0   PWM                                                               08/12/2021 09:59:15 PAGE 1   


C51 COMPILER V9.59.0.0, COMPILATION OF MODULE PWM
OBJECT MODULE PLACED IN .\Objects\pwm.obj
COMPILER INVOKED BY: D:\Keil5\C51\BIN\C51.EXE pwm.c OPTIMIZE(8,SPEED) BROWSE DEBUG OBJECTEXTEND PRINT(.\Listings\pwm.lst
                    -) TABS(2) OBJECT(.\Objects\pwm.obj)

line level    source

   1          #include <reg52.h>
   2          
   3          sbit ADDR0 = P1^0;
   4          sbit ADDR1 = P1^1;
   5          sbit ADDR2 = P1^2;
   6          sbit ADDR3 = P1^3;
   7          sbit ENLED = P1^4;
   8          sbit PWMOUT = P0^0;
   9          
  10          unsigned char highTH0;
  11          unsigned char highTL0;
  12          unsigned char lowTH0;
  13          unsigned char lowTL0;
  14          
  15          void configpwm(unsigned int fr,unsigned char dr);
  16          void closepwm();
  17          
  18          void main()
  19          {
  20   1        unsigned int i;
  21   1        unsigned int j;
  22   1        ENLED = 0;
  23   1        ADDR3 = 1;
  24   1        ADDR2 = 1;
  25   1        ADDR1 = 1;
  26   1        ADDR0 = 0;
  27   1        TMOD = 0X01;
  28   1        EA = 1;
  29   1        while(1)
  30   1        {
  31   2          for(i=99;i>=1;i--)
  32   2          {
  33   3            configpwm(100,i);
  34   3            for(j=0;j<30000;j++);
  35   3            closepwm();
  36   3          }
  37   2          
  38   2        }
  39   1      }
  40          
  41          void configpwm(unsigned int fr,unsigned char dr)
  42          {
  43   1        unsigned long temp;
  44   1        unsigned int high,low;
  45   1        temp = (11059200/12)/fr;
  46   1        high = (temp*dr)/100;
  47   1        low = temp - high;
  48   1        high = 65536 - high;
  49   1        low = 65536 - low;
  50   1        highTH0 = (unsigned char)(high >> 8);
  51   1        highTL0 = (unsigned char) high;
  52   1        lowTH0 = (unsigned char)(low >> 8);
  53   1        lowTL0 = (unsigned char) low;
  54   1        TR0 = 1;
C51 COMPILER V9.59.0.0   PWM                                                               08/12/2021 09:59:15 PAGE 2   

  55   1        ET0 = 1;
  56   1        PWMOUT = 1;
  57   1      }
  58          void closepwm()
  59          {
  60   1        highTH0 = 0;
  61   1        highTL0 = 0;
  62   1        lowTH0 = 0;
  63   1        lowTL0 = 0;
  64   1        TR0 = 0;
  65   1        ET0 = 0;
  66   1      }
  67          void interrupttime0() interrupt 1
  68          {
  69   1        if(PWMOUT == 1)
  70   1        {
  71   2          PWMOUT = 0;
  72   2          TH0 = lowTH0;
  73   2          TL0 = lowTL0;
  74   2        }
  75   1        else
  76   1        {
  77   2          PWMOUT = 1;
  78   2          TH0 = highTH0;
  79   2          TL0 = highTL0;
  80   2        }
  81   1      }
  82          
  83          


MODULE INFORMATION:   STATIC OVERLAYABLE
   CODE SIZE        =    198    ----
   CONSTANT SIZE    =   ----    ----
   XDATA SIZE       =   ----    ----
   PDATA SIZE       =   ----    ----
   DATA SIZE        =      4       7
   IDATA SIZE       =   ----    ----
   BIT SIZE         =   ----    ----
END OF MODULE INFORMATION.


C51 COMPILATION COMPLETE.  0 WARNING(S),  0 ERROR(S)
