C51 COMPILER V9.59.0.0   MAIN                                                              09/02/2021 11:40:49 PAGE 1   


C51 COMPILER V9.59.0.0, COMPILATION OF MODULE MAIN
OBJECT MODULE PLACED IN .\Objects\main.obj
COMPILER INVOKED BY: D:\Keil5\C51\BIN\C51.EXE main.c OPTIMIZE(8,SPEED) BROWSE DEBUG OBJECTEXTEND PRINT(.\Listings\main.l
                    -st) TABS(2) OBJECT(.\Objects\main.obj)

line level    source

   1          #include <reg52.h>
   2          extern void keydriver();
   3          extern void keyscan();
   4          extern void I2Cstart();
   5          extern unsigned char I2Cwrite(unsigned char dat);
   6          extern void I2Cstop();
   7          
   8          void configtime0(unsigned char ms);
   9          void configfreq1(unsigned int freq);
  10          
  11          unsigned char code sinewave[32] = {      //正弦波波表
  12              127, 152, 176, 198, 217, 233, 245, 252,
  13              255, 252, 245, 233, 217, 198, 176, 152,
  14              127, 102,  78,  56,  37,  21,   9,   2,
  15                0,   2,   9,  21,  37,  56,  78, 102,
  16          };
  17          unsigned char code trianglewave[32] = {  //三角波波表
  18                0,  16,  32,  48,  64,  80,  96, 112,
  19              128, 144, 160, 176, 192, 208, 224, 240,
  20              255, 240, 224, 208, 192, 176, 160, 144,
  21              128, 112,  96,  80,  64,  48,  32,  16,
  22          };
  23          unsigned char code sawtoothwave[32] = {  //锯齿波表
  24                0,   8,  16,  24,  32,  40,  48,  56,
  25               64,  72,  80,  88,  96, 104, 112, 120,
  26              128, 136, 144, 152, 160, 168, 176, 184,
  27              192, 200, 208, 216, 224, 232, 240, 248,
  28          };
  29          unsigned char TH0R;
  30          unsigned char TL0R;
  31          unsigned char TH1R;
  32          unsigned char TL1R;
  33          unsigned char *p;
  34          
  35          void main()
  36          {
  37   1        EA = 1;
  38   1        configtime0(1);
  39   1        configfreq1(10);
  40   1        p = sinewave;
  41   1        while(1)
  42   1        {
  43   2          keydriver();
  44   2        }
  45   1      }
  46          /*按键动作函数*/
  47          void keyaction(unsigned char keycode)
  48          {
  49   1        static unsigned char i = 0;
  50   1        if(keycode == 10)
  51   1        {
  52   2          if(i == 0)
  53   2          {
  54   3            p = sinewave;
C51 COMPILER V9.59.0.0   MAIN                                                              09/02/2021 11:40:49 PAGE 2   

  55   3            i = 1;
  56   3          }
  57   2          else if(i == 1)
  58   2          {
  59   3            p = trianglewave;
  60   3            i = 2;
  61   3          }
  62   2          else if(i == 2)
  63   2          {
  64   3            p = sawtoothwave;
  65   3            i = 0;
  66   3          }
  67   2        }
  68   1      }
  69          /*定时器T0配置函数*/
  70          void configtime0(unsigned char ms)
  71          {
  72   1        unsigned long tmp;
  73   1        tmp = 11059200/12;
  74   1        tmp = (tmp*ms)/1000;
  75   1        tmp = 65536 - tmp;
  76   1        TH0R = (unsigned char)(tmp >> 8);
  77   1        TL0R = (unsigned char)(tmp);
  78   1        TMOD = TMOD & 0XF0;
  79   1        TMOD = TMOD | 0X01;
  80   1        TH0 = TH0R;
  81   1        TL0 = TL0R;
  82   1        TR0 = 1;
  83   1        ET0 = 1;
  84   1      }
  85          /*定时器T1配置波形频率函数*/
  86          void configfreq1(unsigned int freq)
  87          {
  88   1        unsigned long tmp;
  89   1        tmp = (11059200/12)/(freq*32);
  90   1        tmp = 65536 - tmp;
  91   1        TH1R = (unsigned char)(tmp >> 8);
  92   1        TL1R = (unsigned char)(tmp);
  93   1        TMOD = TMOD & 0X0F;
  94   1        TMOD = TMOD | 0X10;
  95   1        TH1 = TH1R;
  96   1        TL1 = TL1R;
  97   1        TR1 = 1;
  98   1        ET1 = 1;
  99   1        PT1 = 1;  //设置定时器T1为最高优先级
 100   1      }
 101          /*设置DA输出电压刻度函数*/
 102          void setDAout(unsigned char val)
 103          {
 104   1        I2Cstart();
 105   1        I2Cwrite(0X90);
 106   1        I2Cwrite(0X40);
 107   1        I2Cwrite(val);
 108   1        I2Cstop();
 109   1      }
 110          /*定时器T0中断*/
 111          void interrupttime0() interrupt 1
 112          {
 113   1        TH0 = TH0R;
 114   1        TL0 = TL0R;
 115   1        keyscan();
 116   1      }
C51 COMPILER V9.59.0.0   MAIN                                                              09/02/2021 11:40:49 PAGE 3   

 117          /*定时器T1中断*/
 118          void interrupttime2() interrupt 3
 119          {
 120   1        static unsigned char cnt = 0;
 121   1        TH1 = TH1R;
 122   1        TL1 = TL1R;
 123   1        setDAout(p[cnt]);
 124   1        cnt++;
 125   1        if(cnt >= 32)
 126   1        {
 127   2          cnt = 0;
 128   2        }
 129   1      }


MODULE INFORMATION:   STATIC OVERLAYABLE
   CODE SIZE        =    466    ----
   CONSTANT SIZE    =     96    ----
   XDATA SIZE       =   ----    ----
   PDATA SIZE       =   ----    ----
   DATA SIZE        =      9       9
   IDATA SIZE       =   ----    ----
   BIT SIZE         =   ----    ----
END OF MODULE INFORMATION.


C51 COMPILATION COMPLETE.  0 WARNING(S),  0 ERROR(S)
