C51 COMPILER V9.59.0.0   LCD1602                                                           08/18/2021 11:55:34 PAGE 1   


C51 COMPILER V9.59.0.0, COMPILATION OF MODULE LCD1602
OBJECT MODULE PLACED IN .\Objects\LCD1602.obj
COMPILER INVOKED BY: D:\Keil5\C51\BIN\C51.EXE LCD1602.c OPTIMIZE(8,SPEED) BROWSE DEBUG OBJECTEXTEND PRINT(.\Listings\LCD
                    -1602.lst) TABS(2) OBJECT(.\Objects\LCD1602.obj)

line level    source

   1          /*
   2          
   3          LCD1602配置函数
   4          
   5          */
   6          #include <reg52.h>
   7          #define LCD1602_DB P0    //宏定义总线，切记不加分号
   8          sbit LCD1602_RS = P1^0;  //数据/命令选择端（1/0） 
   9          sbit LCD1602_RW = P1^1;  //读/写选择段（1/0）
  10          sbit LCD1602_E = P1^5;   //LCD1602使能端（高电平有效）
  11          void LCD1602init();      //函数声明
  12          void LCD1602writecmd(unsigned char cmd);
  13          void LCD1602readstate();
  14          void LCD1602show(unsigned char x,unsigned char y,unsigned char *p);
  15          void LCD1602setcoor(unsigned char x,unsigned char y);
  16          void LCD1602writedata(unsigned char dat);
  17          /*LCD1602初始化*/
  18          void LCD1602init()
  19          {
  20   1        LCD1602writecmd(0X38);//显示模式设置
  21   1        LCD1602writecmd(0X0C);//显示开关设置
  22   1        LCD1602writecmd(0X06);//显示光标设置
  23   1        LCD1602writecmd(0X01);//显示清屏
  24   1      }
  25          /*LCD1602写指令函数*/
  26          void LCD1602writecmd(unsigned char cmd)
  27          {
  28   1        LCD1602readstate();   //写指令前需进行读状态
  29   1        LCD1602_RS = 0;  
  30   1        LCD1602_RW = 0;
  31   1        LCD1602_DB = cmd;
  32   1        LCD1602_E = 0;        //写指令高脉冲触发
  33   1        LCD1602_E = 1;
  34   1        LCD1602_E = 0;
  35   1      }
  36          /*LCD1602读状态函数*/
  37          void LCD1602readstate()
  38          {
  39   1        unsigned char sta7;
  40   1        LCD1602_RS = 0;
  41   1        LCD1602_RW = 1;
  42   1        do                   //通过判断STA7（DB7）是否为1，
  43   1        {                    //得知LCD1602是否忙，1：忙，0：不忙
  44   2          LCD1602_E = 1;     //只在E端用到时才打开，不然会产生影响
  45   2          sta7 = LCD1602_DB;
  46   2          LCD1602_E = 0;
  47   2        }
  48   1        while(sta7 & 0X80);
  49   1      }
  50          /*LCD1602显示函数*/
  51          void LCD1602show(unsigned char x,unsigned char y,unsigned char *p)
  52          {
  53   1        LCD1602setcoor(x,y); //LCD1602坐标定位函数
  54   1        while(*p != '\0')
C51 COMPILER V9.59.0.0   LCD1602                                                           08/18/2021 11:55:34 PAGE 2   

  55   1        {
  56   2          LCD1602writedata(*p++);
  57   2        }
  58   1      }
  59          /*LCD1602坐标定位函数*/
  60          void LCD1602setcoor(unsigned char x,unsigned char y)
  61          {
  62   1        unsigned char add;
  63   1        if(y == 0)
  64   1        {
  65   2          add = 0X00 + x;   //第一行首地址为0X00
  66   2        }
  67   1        else 
  68   1        {
  69   2          add = 0X40 + x;   //第一行首地址为0X40
  70   2        }
  71   1        LCD1602writecmd(add | 0X80); //定位好需再次写指令
  72   1      }
  73          /*LCD1602写数据函数*/
  74          void LCD1602writedata(unsigned char dat)
  75          {
  76   1        LCD1602readstate();
  77   1        LCD1602_RS = 1;
  78   1        LCD1602_RW = 0;
  79   1        LCD1602_DB = dat;
  80   1        LCD1602_E = 0;
  81   1        LCD1602_E = 1;
  82   1        LCD1602_E = 0;
  83   1      }


MODULE INFORMATION:   STATIC OVERLAYABLE
   CODE SIZE        =    132    ----
   CONSTANT SIZE    =   ----    ----
   XDATA SIZE       =   ----    ----
   PDATA SIZE       =   ----    ----
   DATA SIZE        =   ----       5
   IDATA SIZE       =   ----    ----
   BIT SIZE         =   ----    ----
END OF MODULE INFORMATION.


C51 COMPILATION COMPLETE.  0 WARNING(S),  0 ERROR(S)
