C51 COMPILER V9.59.0.0   MAIN                                                              08/18/2021 11:55:34 PAGE 1   


C51 COMPILER V9.59.0.0, COMPILATION OF MODULE MAIN
OBJECT MODULE PLACED IN .\Objects\main.obj
COMPILER INVOKED BY: D:\Keil5\C51\BIN\C51.EXE main.c OPTIMIZE(8,SPEED) BROWSE DEBUG OBJECTEXTEND PRINT(.\Listings\main.l
                    -st) TABS(2) OBJECT(.\Objects\main.obj)

line level    source

   1          #include <reg52.h>
   2          bit flag500ms = 0;               //500ms定时标志位
   3          unsigned char TH0R;              //定时器T0高位重载值
   4          unsigned char TL0R;              //定时器T0低位重载值
   5            unsigned char code str1[]={    //需要显示的字符串1
   6              "                Ben Gui Xin                    "
   7            };
   8            unsigned char code str2[]={    //需要显示的字符串2
   9              "                Shi Wo Er                      "
  10            };
  11          
  12          void configtime(unsigned int ms);//函数声明  
  13          extern void LCD1602init();       //外部函数声明
  14          extern void LCD1602show(unsigned char x,unsigned char y,unsigned char *p);//外部函数声明
  15          
  16          void main()
  17          {
  18   1        unsigned char index = 0;       //指针索引
  19   1        EA = 1;                        //打开总中断
  20   1        LCD1602init();                 //LCD1602初始化函数            
  21   1        configtime(10);                //配置定时时间10ms
  22   1        while(1)
  23   1        {
  24   2          if(flag500ms)   
  25   2          {
  26   3            flag500ms = 0;
  27   3            LCD1602show(0,0,str1+index);//LCD1602显示函数 
  28   3            LCD1602show(0,1,str2+index);
  29   3            index++;
  30   3            if(index == (sizeof(str1)-1))
  31   3            {
  32   4              index = 0;
  33   4            }
  34   3          }
  35   2        }
  36   1      }
  37          /*配置定时时间函数*/
  38          void configtime(unsigned int ms)
  39          {
  40   1        unsigned long temp;
  41   1        temp = 65536 - (11059200/12*ms/1000);//计算定时时间
  42   1        TH0R = (unsigned char)(temp >> 8); 
  43   1        TL0R = (unsigned char) temp;
  44   1        TMOD = TMOD & 0XF0; //设置定时器为模式1
  45   1        TMOD = TMOD | 0X01;
  46   1        TH0 = TH0R;         
  47   1        TL0 = TL0R;
  48   1        TR0 = 1;            //开始定时
  49   1        ET0 = 1;            //打开定时器T0中断
  50   1      }
  51          /*定时器T0中断，每10ms进入一次*/
  52          void interrupttime0() interrupt 1
  53          {
  54   1        static unsigned char i = 0;
C51 COMPILER V9.59.0.0   MAIN                                                              08/18/2021 11:55:34 PAGE 2   

  55   1        TH0 = TH0R;         //重新定时
  56   1        TL0 = TL0R;
  57   1        i++;
  58   1        if(i == 50)
  59   1        {
  60   2          i = 0;
  61   2          flag500ms = 1;    //定时到500ms时，标志位置1
  62   2        }
  63   1      }


MODULE INFORMATION:   STATIC OVERLAYABLE
   CODE SIZE        =    161    ----
   CONSTANT SIZE    =     96    ----
   XDATA SIZE       =   ----    ----
   PDATA SIZE       =   ----    ----
   DATA SIZE        =      3       5
   IDATA SIZE       =   ----    ----
   BIT SIZE         =      1    ----
END OF MODULE INFORMATION.


C51 COMPILATION COMPLETE.  0 WARNING(S),  0 ERROR(S)
