C51 COMPILER V9.59.0.0   KEY                                                               07/28/2021 10:31:16 PAGE 1   


C51 COMPILER V9.59.0.0, COMPILATION OF MODULE KEY
OBJECT MODULE PLACED IN .\Objects\key.obj
COMPILER INVOKED BY: D:\Keil5\C51\BIN\C51.EXE key.c OPTIMIZE(8,SPEED) BROWSE DEBUG OBJECTEXTEND PRINT(.\Listings\key.lst
                    -) TABS(2) OBJECT(.\Objects\key.obj)

line level    source

   1          #include <reg52.h>
   2          sbit ADDR0 = P1^0;
   3          sbit ADDR1 = P1^1;
   4          sbit ADDR2 = P1^2;
   5          sbit ADDR3 = P1^3;
   6          sbit ENLED = P1^4;
   7          sbit key4 = P2^7;
   8          unsigned char code number[]={   //定义number数组存放0-9对应的16进制编码
   9            0xc0,0xf9,0xa4,0xb0,0x99,
  10            0x92,0x82,0xf8,0x80,0x90
  11           };
  12          unsigned char keyfinally = 1;   //keyfinally为消抖完毕按键最终值
  13          void main()
  14          {
  15   1        unsigned char backup = 1;     //backup为按键上一个理想状态，抖动不算
  16   1        unsigned char i = 0;          //数码管显示变量
  17   1        ENLED = 0;                    //打开74138译码器
  18   1        ADDR3 = 1;
  19   1        ADDR2 = 0;                    //打开最低为数码管
  20   1        ADDR1 = 0;
  21   1        ADDR0 = 0;
  22   1        TMOD = 0x01;                  //TO定时器设置为1模式
  23   1        TH0 = 0xf8;                   //定时2ms
  24   1        TL0 = 0xcd;
  25   1        TR0 = 1;                      //开始计时 
  26   1        EA = 1;                       //打开定时T0中断
  27   1        ET0 = 1;
  28   1        P2 = 0xf7;//若是按键有效，keyIn1-4必须输出1(高电平)，
  29   1                  //keyOut1-4有且只能有一个输出0，其他必须为1，谁为0，对应那一行按键就有效
  30   1        P0 = number[i];               //显示最低位数码管
  31   1        while(1)
  32   1        {
  33   2          if(keyfinally != backup)
  34   2          {
  35   3            if(backup == 0)
  36   3            {
  37   4              i++;
  38   4              if(i == 10)
  39   4              {i = 0;}
  40   4              P0 = number[i];
  41   4            }
  42   3            backup = keyfinally;
  43   3          }
  44   2        }
  45   1      }
  46          void interrupttime0() interrupt 1  //1为x，x*8+3=向量地址
  47          {
  48   1        static unsigned char keybuffer = 0xff;//用于检测连续8个状态，每个状态2ms，是否全为1或0
  49   1        TH0 = 0xf8;
  50   1        TL0 = 0xcd;
  51   1        keybuffer = (keybuffer << 1) | key4;
  52   1        if(keybuffer == 0x00)
  53   1        {
  54   2          keyfinally = 0;                //连续8个状态全为0时，默认按键为0(按下)
C51 COMPILER V9.59.0.0   KEY                                                               07/28/2021 10:31:16 PAGE 2   

  55   2        }
  56   1        else if(keybuffer == 0xff)
  57   1        {
  58   2          keyfinally = 1;                //连续8个状态全为1时，默认按键为1(弹起)
  59   2        }
  60   1        else
  61   1        {}
  62   1      }


MODULE INFORMATION:   STATIC OVERLAYABLE
   CODE SIZE        =    119    ----
   CONSTANT SIZE    =     10    ----
   XDATA SIZE       =   ----    ----
   PDATA SIZE       =   ----    ----
   DATA SIZE        =      2    ----
   IDATA SIZE       =   ----    ----
   BIT SIZE         =   ----    ----
END OF MODULE INFORMATION.


C51 COMPILATION COMPLETE.  0 WARNING(S),  0 ERROR(S)
