C51 COMPILER V9.59.0.0   MAIN                                                              08/28/2021 11:13:18 PAGE 1   


C51 COMPILER V9.59.0.0, COMPILATION OF MODULE MAIN
OBJECT MODULE PLACED IN .\Objects\main.obj
COMPILER INVOKED BY: D:\Keil5\C51\BIN\C51.EXE main.c OPTIMIZE(8,SPEED) BROWSE DEBUG OBJECTEXTEND PRINT(.\Listings\main.l
                    -st) TABS(2) OBJECT(.\Objects\main.obj)

line level    source

   1          #include <reg52.h>
   2          unsigned char TH0R;
   3          unsigned char TL0R;
   4          unsigned char flag200ms = 0;
   5          
   6          void configtime0(unsigned char ms);
   7          
   8          extern void LCD1602init();//LCD1602外部声明
   9          extern void LCD1602show(unsigned char x,unsigned char y,unsigned char *str);
  10          
  11          extern void DS1302init(); //DS1302外部声明
  12          extern void DS1302burstread(unsigned char *p);
  13          
  14          void main()
  15          {
  16   1        unsigned char sec;
  17   1        unsigned char time[8];
  18   1        unsigned char str1[12];
  19   1        unsigned char str2[12];
  20   1        EA = 1;
  21   1        configtime0(1);
  22   1        DS1302init();
  23   1        LCD1602init();
  24   1        while(1)
  25   1        {
  26   2          if(flag200ms == 1)
  27   2          {
  28   3            flag200ms = 0;
  29   3            DS1302burstread(time);
  30   3            if(sec != time[0])
  31   3            {
  32   4              str1[0] = '2';
  33   4              str1[1] = '0';
  34   4              str1[2] = (time[6] >> 4) + '0';  //年十位转化为字符
  35   4              str1[3] = (time[6] & 0X0F) + '0';//年个位转化为字符
  36   4              str1[4] = '-';
  37   4              str1[5] = (time[4] >> 4) + '0';  //月十位转化为字符
  38   4              str1[6] = (time[4] & 0X0F) + '0';//月个位转化为字符
  39   4              str1[7] = '-';
  40   4              str1[8] = (time[3] >> 4) + '0';  //日十位转化为字符
  41   4              str1[9] = (time[3] & 0X0F) + '0';//日个位转化为字符
  42   4              str1[10] = '\0';
  43   4              LCD1602show(3,0,str1);
  44   4              
  45   4              str2[0] = (time[2] >> 4) + '0';  //时十位转化为字符
  46   4              str2[1] = (time[2] & 0X0F) + '0';//时个位转化为字符
  47   4              str2[2] = ':';
  48   4              str2[3] = (time[1] >> 4) + '0';  //分十位转化为字符
  49   4              str2[4] = (time[1] & 0X0F) + '0';//分个位转化为字符
  50   4              str2[5] = ':';
  51   4              str2[6] = (time[0] >> 4) + '0';  //秒十位转化为字符
  52   4              str2[7] = (time[0] & 0X0F) + '0';//秒个位转化为字符
  53   4              str2[8] = '\0';
  54   4              LCD1602show(4,1,str2);
C51 COMPILER V9.59.0.0   MAIN                                                              08/28/2021 11:13:18 PAGE 2   

  55   4              
  56   4              sec = time[0];                   //将当前秒值赋值给sec以便下次比较秒值
  57   4            }
  58   3          }
  59   2        }
  60   1      }
  61          /*配置定时器T0定时1ms*/
  62          void configtime0(unsigned char ms)
  63          {
  64   1        unsigned long temp;
  65   1        temp = 11059200/12;
  66   1        temp = (temp*ms)/1000;
  67   1        temp = 65536 - temp;
  68   1        TH0R = (unsigned char)(temp >> 8);
  69   1        TL0R = (unsigned char)(temp);
  70   1        TMOD = TMOD & 0XF0;
  71   1        TMOD = TMOD | 0X01;
  72   1        TH0 = TH0R;
  73   1        TL0 = TL0R;
  74   1        TR0 = 1;
  75   1        ET0 = 1;
  76   1      }
  77          /*定时器T0中断，每1ms进入一次*/
  78          void interrupttime0() interrupt 1
  79          {
  80   1        static unsigned char cnt = 0;
  81   1        TH0 = TH0R;
  82   1        TL0 = TL0R;
  83   1        cnt++;
  84   1        if(cnt >= 200)
  85   1        {
  86   2          cnt = 0;
  87   2          flag200ms = 1;
  88   2        }
  89   1      }


MODULE INFORMATION:   STATIC OVERLAYABLE
   CODE SIZE        =    325    ----
   CONSTANT SIZE    =   ----    ----
   XDATA SIZE       =   ----    ----
   PDATA SIZE       =   ----    ----
   DATA SIZE        =      4      37
   IDATA SIZE       =   ----    ----
   BIT SIZE         =   ----    ----
END OF MODULE INFORMATION.


C51 COMPILATION COMPLETE.  0 WARNING(S),  0 ERROR(S)
