C51 COMPILER V9.59.0.0   NIXIE_TUBE_STATIC_DISPLAY                                         07/20/2021 12:08:23 PAGE 1   


C51 COMPILER V9.59.0.0, COMPILATION OF MODULE NIXIE_TUBE_STATIC_DISPLAY
OBJECT MODULE PLACED IN .\Objects\Nixie tube static display.obj
COMPILER INVOKED BY: D:\Keil5\C51\BIN\C51.EXE Nixie tube static display.c OPTIMIZE(8,SPEED) BROWSE DEBUG OBJECTEXTEND PR
                    -INT(.\Listings\Nixie tube static display.lst) TABS(2) OBJECT(.\Objects\Nixie tube static display.obj)

line level    source

   1          #include <reg52.h>
   2          
   3          sbit ADDR0 = P1^0; 
   4          sbit ADDR1 = P1^1;
   5          sbit ADDR2 = P1^2;
   6          sbit ADDR3 = P1^3;
   7          sbit ENLED = P1^4;
   8          
   9          unsigned char code Nixietube[]={
  10              0xc0,0xf9,0xa4,0xb0,0x99,0x92,0x82,0xf8,
  11              0x80,0x90,0x88,0x83,0xc6,0xa1,0x86,0x8e
  12            };
  13          void main()
  14          {
  15   1        unsigned char cnt=0;
  16   1        unsigned char sec=0;
  17   1        ENLED = 0;
  18   1        ADDR3 = 1;
  19   1        ADDR2 = 0;
  20   1        ADDR1 = 0;
  21   1        ADDR0 = 0;
  22   1        
  23   1        TMOD = 0x01;
  24   1        TH0 = 0xb8;
  25   1        TL0 = 0x00;
  26   1        TR0 = 1;
  27   1        while(1)
  28   1        {
  29   2          if (TF0 == 1)
  30   2          {
  31   3            TH0 = 0xb8;
  32   3            TL0 = 0x00;
  33   3            TF0 = 0;
  34   3            cnt++;
  35   3            if (cnt == 50)
  36   3            {
  37   4              cnt = 0;
  38   4              P0 = Nixietube[sec];
  39   4              sec++;
  40   4              if (sec == 16)
  41   4                sec = 0;
  42   4            }
  43   3          }
  44   2        }
  45   1        
  46   1        
  47   1        
  48   1        
  49   1        
  50   1        
  51   1        
  52   1        
  53   1        
  54   1        
C51 COMPILER V9.59.0.0   NIXIE_TUBE_STATIC_DISPLAY                                         07/20/2021 12:08:23 PAGE 2   

  55   1        
  56   1        
  57   1        
  58   1        
  59   1        
  60   1        
  61   1        
  62   1        
  63   1        
  64   1        
  65   1        
  66   1        
  67   1        
  68   1      }


MODULE INFORMATION:   STATIC OVERLAYABLE
   CODE SIZE        =     57    ----
   CONSTANT SIZE    =     16    ----
   XDATA SIZE       =   ----    ----
   PDATA SIZE       =   ----    ----
   DATA SIZE        =   ----    ----
   IDATA SIZE       =   ----    ----
   BIT SIZE         =   ----    ----
END OF MODULE INFORMATION.


C51 COMPILATION COMPLETE.  0 WARNING(S),  0 ERROR(S)
