C51 COMPILER V9.59.0.0   DS18B20                                                           09/03/2021 10:54:08 PAGE 1   


C51 COMPILER V9.59.0.0, COMPILATION OF MODULE DS18B20
OBJECT MODULE PLACED IN .\Objects\DS18B20.obj
COMPILER INVOKED BY: D:\Keil5\C51\BIN\C51.EXE DS18B20.c OPTIMIZE(8,SPEED) BROWSE DEBUG OBJECTEXTEND PRINT(.\Listings\DS1
                    -8B20.lst) TABS(2) OBJECT(.\Objects\DS18B20.obj)

line level    source

   1          /*************************
   2          DS18B20温度传感器配置函数
   3          **************************/
   4          #include <reg52.h>
   5          #include <intrins.h>
   6          sbit DS18B20_DQ = P3^2;
   7          /*10*x us延时*/
   8          void delay(unsigned int t)
   9          {
  10   1        while(t--)
  11   1        {
  12   2          _nop_();
  13   2          _nop_();
  14   2          _nop_();
  15   2          _nop_();
  16   2          _nop_();
  17   2          _nop_();
  18   2          _nop_();
  19   2          _nop_();
  20   2        }
  21   1      }
  22          /*DS18B20初始化函数*/
  23          bit DS18B20getack()
  24          {
  25   1        bit ack;
  26   1        EA = 0;
  27   1        DS18B20_DQ = 0;
  28   1        delay(50);
  29   1        DS18B20_DQ = 1;
  30   1        delay(6);
  31   1        ack = DS18B20_DQ;
  32   1        while(!DS18B20_DQ);
  33   1        EA = 1;
  34   1        return ack;
  35   1      }
  36          /*DS18B20写一字节函数*/
  37          void DS18B20write(unsigned char dat)
  38          {
  39   1        unsigned char mask;
  40   1        EA = 0;
  41   1        for(mask=0X01;mask!=0;mask=mask<<1)
  42   1        {
  43   2          DS18B20_DQ = 0;
  44   2          _nop_();
  45   2          _nop_();
  46   2          if((mask&dat) == 0)
  47   2          {
  48   3            DS18B20_DQ = 0;
  49   3          }
  50   2          else
  51   2          {
  52   3            DS18B20_DQ = 1;
  53   3          }
  54   2          delay(6);
C51 COMPILER V9.59.0.0   DS18B20                                                           09/03/2021 10:54:08 PAGE 2   

  55   2          DS18B20_DQ = 1;
  56   2        }
  57   1        EA = 1;
  58   1      }
  59          /*DS18B20读一字节函数*/
  60          unsigned char DS18B20read()
  61          {
  62   1        unsigned char dat;
  63   1        unsigned char mask;
  64   1        EA= 0;
  65   1        for(mask=0X01;mask!=0;mask=mask<<1)
  66   1        {
  67   2          DS18B20_DQ = 0;
  68   2          _nop_();
  69   2          _nop_();
  70   2          DS18B20_DQ = 1;
  71   2          _nop_();
  72   2          _nop_();
  73   2          if(!DS18B20_DQ)
  74   2          {
  75   3            dat = dat & (~mask);
  76   3          }
  77   2          else
  78   2          {
  79   3            dat = dat | mask;
  80   3          }
  81   2          delay(6);
  82   2        }
  83   1        EA = 1;
  84   1        return dat;
  85   1      }
  86          /*启动一次温度转换*/
  87          bit DS18B20start()
  88          {
  89   1        bit ack;
  90   1        ack = DS18B20getack();
  91   1        if(ack == 0)
  92   1        {
  93   2          DS18B20write(0XCC);//跳过ROM操作
  94   2          DS18B20write(0X44);//启动一次温度转换
  95   2        }
  96   1        return ~ack;
  97   1      }
  98          /*读取DS18B20温度转换值*/
  99          bit DS18B20gettemp(int *temp)
 100          {
 101   1        bit ack;
 102   1        unsigned char LSB,MSB;
 103   1        ack = DS18B20getack();
 104   1        if(ack == 0)
 105   1        {
 106   2          DS18B20write(0XCC); //跳过ROM操作
 107   2          DS18B20write(0XBE); //发送读取数据寄存器命令
 108   2          LSB = DS18B20read();//读取数据寄存器低字节
 109   2          MSB = DS18B20read();//读取数据寄存器高字节
 110   2          *temp = ((int)MSB <<8) + LSB;
 111   2        }
 112   1        return ~ack;
 113   1      }


MODULE INFORMATION:   STATIC OVERLAYABLE
C51 COMPILER V9.59.0.0   DS18B20                                                           09/03/2021 10:54:08 PAGE 3   

   CODE SIZE        =    207    ----
   CONSTANT SIZE    =   ----    ----
   XDATA SIZE       =   ----    ----
   PDATA SIZE       =   ----    ----
   DATA SIZE        =   ----       3
   IDATA SIZE       =   ----    ----
   BIT SIZE         =   ----       3
END OF MODULE INFORMATION.


C51 COMPILATION COMPLETE.  0 WARNING(S),  0 ERROR(S)
