C51 COMPILER V9.59.0.0   MAIN                                                              09/03/2021 10:54:08 PAGE 1   


C51 COMPILER V9.59.0.0, COMPILATION OF MODULE MAIN
OBJECT MODULE PLACED IN .\Objects\main.obj
COMPILER INVOKED BY: D:\Keil5\C51\BIN\C51.EXE main.c OPTIMIZE(8,SPEED) BROWSE DEBUG OBJECTEXTEND PRINT(.\Listings\main.l
                    -st) TABS(2) OBJECT(.\Objects\main.obj)

line level    source

   1          #include <reg52.h>
   2          bit flag1s = 0;
   3          unsigned char TH0R;
   4          unsigned char TL0R;
   5          
   6          void configtime0(unsigned char ms);
   7          unsigned char inttostring(unsigned char *str,int dat);
   8          
   9          extern bit DS18B20start();
  10          extern bit DS18B20gettemp(int *temp);
  11          extern void LCD1602init();
  12          extern void LCD1602show(unsigned char x,unsigned char y,unsigned char *str);
  13          
  14          void main()
  15          {
  16   1        bit res;
  17   1        int temp;
  18   1        int integer,decimal;
  19   1        unsigned char len;
  20   1        unsigned char str[12];
  21   1        EA = 1;
  22   1        configtime0(10);
  23   1        DS18B20start();
  24   1        LCD1602init();
  25   1        while(1)
  26   1        {
  27   2          if(flag1s)
  28   2          {
  29   3            flag1s = 0;
  30   3            res = DS18B20gettemp(&temp);
  31   3            if(res)
  32   3            {
  33   4              integer = temp >> 4;
  34   4              decimal = temp &0XF;
  35   4              len =inttostring(str,integer);
  36   4              str[len++] = '.';
  37   4              decimal = (decimal*10)/16;
  38   4              str[len++] = decimal + '0';
  39   4              while(len < 6)
  40   4              {
  41   5                str[len++] = ' ';
  42   5              }
  43   4              str[len] = '\0';
  44   4              LCD1602show(2,0,"Temperature");
  45   4              LCD1602show(2,1,str);
  46   4              LCD1602show(6,1,"'C");
  47   4            }
  48   3            else
  49   3            {
  50   4              LCD1602show(0,0,"error!");
  51   4            }
  52   3            DS18B20start();
  53   3          }
  54   2        }
C51 COMPILER V9.59.0.0   MAIN                                                              09/03/2021 10:54:08 PAGE 2   

  55   1      }
  56          
  57          unsigned char inttostring(unsigned char *str,int dat)
  58          {
  59   1        signed char i = 0;
  60   1        unsigned char len = 0;
  61   1        unsigned char buffer[6];
  62   1        if(dat <0)
  63   1        {
  64   2          dat = -dat;
  65   2          *str++ = '-';
  66   2          len++;
  67   2        }
  68   1        do
  69   1        {
  70   2          buffer[i++] = dat % 10;
  71   2          dat = dat / 10;
  72   2        }
  73   1        while(dat>0);
  74   1        len = len + i;
  75   1        while(i-->0)
  76   1        {
  77   2          *str++ = buffer[i] + '0';
  78   2        }
  79   1        *str = '\0';
  80   1        return len;
  81   1      }
  82          
  83          void configtime0(unsigned char ms)
  84          {
  85   1        unsigned long tmp;
  86   1        tmp = 11059200/12;
  87   1        tmp = (tmp*ms)/1000;
  88   1        tmp = 65536 - tmp;
  89   1        TH0R = (unsigned char)(tmp >> 8);
  90   1        TL0R = (unsigned char)(tmp);
  91   1        TMOD = TMOD & 0XF0;
  92   1        TMOD = TMOD | 0X01;
  93   1        TH0 = TH0R;
  94   1        TL0 = TL0R;
  95   1        TR0 = 1;
  96   1        ET0 = 1;
  97   1      }
  98          
  99          void interrupttime0() interrupt 1
 100          {
 101   1        static unsigned char cnt = 0;
 102   1        TH0 = TH0R;
 103   1        TL0 = TL0R;
 104   1        cnt++;
 105   1        if(cnt >= 100)
 106   1        {
 107   2          cnt = 0;
 108   2          flag1s = 1;
 109   2        }
 110   1      }


MODULE INFORMATION:   STATIC OVERLAYABLE
   CODE SIZE        =    499    ----
   CONSTANT SIZE    =     22    ----
   XDATA SIZE       =   ----    ----
C51 COMPILER V9.59.0.0   MAIN                                                              09/03/2021 10:54:08 PAGE 3   

   PDATA SIZE       =   ----    ----
   DATA SIZE        =      3      33
   IDATA SIZE       =   ----    ----
   BIT SIZE         =      1       1
END OF MODULE INFORMATION.


C51 COMPILATION COMPLETE.  0 WARNING(S),  0 ERROR(S)
